#-----------------------------------------------------------
# Vivado v2018.3 (64-bit)
# SW Build 2405991 on Thu Dec  6 23:38:27 MST 2018
# IP Build 2404404 on Fri Dec  7 01:43:56 MST 2018
# Start of session at: Fri Aug 23 12:25:24 2019
# Process ID: 1928
# Current directory: C:/Users/TyphoonTravel/Desktop/MilaB/primer_za_git
# Command line: vivado.exe -gui_launcher_event rodinguilauncherevent10276 C:\Users\TyphoonTravel\Desktop\MilaB\primer_za_git\spi.xpr
# Log file: C:/Users/TyphoonTravel/Desktop/MilaB/primer_za_git/vivado.log
# Journal file: C:/Users/TyphoonTravel/Desktop/MilaB/primer_za_git\vivado.jou
#-----------------------------------------------------------
start_gui
open_project C:/Users/TyphoonTravel/Desktop/MilaB/primer_za_git/spi.xpr
INFO: [Project 1-313] Project file moved from 'C:/Users/TyphoonTravel/Desktop/MilaB/spi' since last save.
Scanning sources...
Finished scanning sources
WARNING: [Project 1-509] GeneratedRun file for 'synth_1' not found
WARNING: [Project 1-509] GeneratedRun file for 'design_1_xbar_0_synth_1' not found
WARNING: [Project 1-509] GeneratedRun file for 'design_1_processing_system7_0_0_synth_1' not found
WARNING: [Project 1-509] GeneratedRun file for 'design_1_rst_ps7_0_100M_0_synth_1' not found
WARNING: [Project 1-509] GeneratedRun file for 'design_1_axi_bram_ctrl_0_0_synth_1' not found
WARNING: [Project 1-509] GeneratedRun file for 'design_1_auto_pc_0_synth_1' not found
WARNING: [Project 1-509] GeneratedRun file for 'design_1_auto_pc_1_synth_1' not found
WARNING: [Project 1-509] GeneratedRun file for 'impl_1' not found
INFO: [filemgmt 56-1] IPUserFilesDir: Directory not found as 'C:/Users/TyphoonTravel/Desktop/MilaB/primer_za_git/spi.ip_user_files'; using path 'C:/Users/TyphoonTravel/Desktop/MilaB/spi/spi.ip_user_files' instead.
INFO: [IP_Flow 19-234] Refreshing IP repositories
INFO: [IP_Flow 19-1704] No user IP repositories specified
INFO: [IP_Flow 19-2313] Loaded Vivado IP repository 'C:/Xilinx/Vivado/2018.3/data/ip'.
open_project: Time (s): cpu = 00:00:25 ; elapsed = 00:00:14 . Memory (MB): peak = 918.332 ; gain = 65.254
update_compile_order -fileset sources_1
open_bd_design {C:/Users/TyphoonTravel/Desktop/MilaB/primer_za_git/spi.srcs/sources_1/bd/design_1/design_1.bd}
Adding cell -- xilinx.com:ip:processing_system7:5.5 - processing_system7_0
Adding cell -- xilinx.com:ip:axi_gpio:2.0 - axi_gpio_0
Adding cell -- xilinx.com:ip:axi_bram_ctrl:4.1 - axi_bram_ctrl_0
Adding cell -- xilinx.com:ip:axi_interconnect:2.1 - ps7_0_axi_periph
Adding cell -- xilinx.com:ip:axi_crossbar:2.1 - xbar
Adding cell -- xilinx.com:ip:axi_protocol_converter:2.1 - auto_pc
Adding cell -- xilinx.com:ip:axi_protocol_converter:2.1 - auto_pc
Adding cell -- xilinx.com:ip:proc_sys_reset:5.0 - rst_ps7_0_100M
Adding cell -- xilinx.com:ip:blk_mem_gen:8.4 - axi_bram_ctrl_0_bram
Successfully read diagram <design_1> from BD file <C:/Users/TyphoonTravel/Desktop/MilaB/primer_za_git/spi.srcs/sources_1/bd/design_1/design_1.bd>
open_bd_design: Time (s): cpu = 00:00:16 ; elapsed = 00:00:11 . Memory (MB): peak = 964.141 ; gain = 45.809
